<?xml version="1.0" encoding="UTF-8"?>
<!-- Generated by org.testng.reporters.JUnitXMLReporter -->
<testsuite hostname="DESKTOP-LDAV7RC" ignored="0" name="Jive TestCases" tests="3" failures="0" timestamp="16 Jan 2018 05:15:27 GMT" time="102.976" errors="0">
  <testcase name="loginPageTitleTest" time="0.17" classname="com.jive.qa.atcs.LoginPageTest"/>
  <testcase name="clickOnLogInLink" time="0.002" classname="com.jive.qa.atcs.LoginPageTest"/>
  <testcase name="loginTest" time="27.886" classname="com.jive.qa.atcs.LoginPageTest"/>
</testsuite> <!-- Jive TestCases -->
